<?xml version="1.0" encoding="UTF-8"?>
<!-- Generated by org.testng.reporters.JUnitReportReporter -->
<testsuite skipped="0" hostname="AJAY-PC" name="testngpack.multiplebrowser" tests="3" failures="0" timestamp="20 Mar 2019 13:51:24 GMT" time="40.533" errors="0">
  <testcase name="test" time="21.025" classname="testngpack.multiplebrowser"/>
  <testcase name="test" time="3.899" classname="testngpack.multiplebrowser"/>
  <testcase name="test" time="15.609" classname="testngpack.multiplebrowser"/>
</testsuite> <!-- testngpack.multiplebrowser -->
