<?xml version="1.0" encoding="UTF-8"?>
<!-- Generated by org.testng.reporters.JUnitReportReporter -->
<testsuite skipped="0" hostname="AJAY-PC" name="today.gmail" tests="1" failures="0" timestamp="04 Apr 2019 14:19:38 GMT" time="6.895" errors="0">
  <testcase name="fgh" time="6.895" classname="today.gmail"/>
</testsuite> <!-- today.gmail -->
