<?xml version="1.0" encoding="UTF-8"?>
<!-- Generated by org.testng.reporters.JUnitReportReporter -->
<testsuite skipped="0" hostname="AJAY-PC" name="testngpack.googleface" tests="1" failures="0" timestamp="24 Mar 2019 06:40:25 GMT" time="6.302" errors="0">
  <testcase name="titletest" time="6.302" classname="testngpack.googleface"/>
</testsuite> <!-- testngpack.googleface -->
