<?xml version="1.0" encoding="UTF-8"?>
<!-- Generated by org.testng.reporters.JUnitReportReporter -->
<testsuite skipped="0" hostname="AJAY-PC" name="testngpack.testngbaisic" tests="2" failures="0" timestamp="19 Mar 2019 12:16:01 GMT" time="0.005" errors="0">
  <testcase name="googletitle" time="0.003" classname="testngpack.testngbaisic"/>
  <testcase name="searchtext" time="0.002" classname="testngpack.testngbaisic"/>
</testsuite> <!-- testngpack.testngbaisic -->
