<?xml version="1.0" encoding="UTF-8"?>
<!-- Generated by org.testng.reporters.JUnitReportReporter -->
<testsuite skipped="0" hostname="AJAY-PC" name="testngpack.testngbasic" tests="1" failures="0" timestamp="19 Mar 2019 12:16:01 GMT" time="0.008" errors="0">
  <testcase name="f" time="0.008" classname="testngpack.testngbasic"/>
</testsuite> <!-- testngpack.testngbasic -->
