<?xml version="1.0" encoding="UTF-8"?>
<!-- Generated by org.testng.reporters.JUnitReportReporter -->
<testsuite skipped="0" hostname="AJAY-PC" name="testngpack.tentimesrun" tests="10" failures="0" timestamp="19 Mar 2019 12:16:01 GMT" time="0.025" errors="0">
  <testcase name="url" time="0.003" classname="testngpack.tentimesrun"/>
  <testcase name="url" time="0.002" classname="testngpack.tentimesrun"/>
  <testcase name="url" time="0.002" classname="testngpack.tentimesrun"/>
  <testcase name="url" time="0.003" classname="testngpack.tentimesrun"/>
  <testcase name="url" time="0.001" classname="testngpack.tentimesrun"/>
  <testcase name="url" time="0.001" classname="testngpack.tentimesrun"/>
  <testcase name="url" time="0.002" classname="testngpack.tentimesrun"/>
  <testcase name="url" time="0.007" classname="testngpack.tentimesrun"/>
  <testcase name="url" time="0.002" classname="testngpack.tentimesrun"/>
  <testcase name="url" time="0.002" classname="testngpack.tentimesrun"/>
</testsuite> <!-- testngpack.tentimesrun -->
