<?xml version="1.0" encoding="UTF-8"?>
<!-- Generated by org.testng.reporters.JUnitReportReporter -->
<testsuite skipped="0" hostname="AJAY-PC" name="seleniumtestingpack.scroll" tests="1" failures="0" timestamp="21 Mar 2019 11:53:08 GMT" time="30.802" errors="0">
  <testcase name="scroll1" time="30.802" classname="seleniumtestingpack.scroll"/>
</testsuite> <!-- seleniumtestingpack.scroll -->
