<?xml version="1.0" encoding="UTF-8"?>
<!-- Generated by org.testng.reporters.JUnitReportReporter -->
<testsuite skipped="0" hostname="AJAY-PC" name="today.flipkart" tests="1" failures="0" timestamp="05 Apr 2019 12:30:31 GMT" time="31.775" errors="0">
  <testcase name="fgh" time="31.775" classname="today.flipkart"/>
</testsuite> <!-- today.flipkart -->
