<?xml version="1.0" encoding="UTF-8"?>
<!-- Generated by org.testng.reporters.JUnitReportReporter -->
<testsuite skipped="0" hostname="AJAY-PC" name="seleniumtestingpack.screenshot" tests="1" failures="0" timestamp="20 Mar 2019 19:44:15 GMT" time="32.575" errors="0">
  <testcase name="takescreenshot" time="32.575" classname="seleniumtestingpack.screenshot"/>
</testsuite> <!-- seleniumtestingpack.screenshot -->
