<?xml version="1.0" encoding="UTF-8"?>
<!-- Generated by org.testng.reporters.JUnitReportReporter -->
<testsuite skipped="0" hostname="AJAY-PC" name="today.fileupload" tests="1" failures="0" timestamp="06 Apr 2019 07:47:31 GMT" time="0.179" errors="0">
  <testcase name="main" time="0.179" classname="today.fileupload"/>
</testsuite> <!-- today.fileupload -->
